2001.10.29 23:00 B D:\~die kiste\launch_am.com\music\images\but_andreloop.gif <-- andre-michelle.com /acid/images but_andreloop.gif
2001.10.29 23:00 B D:\~die kiste\launch_am.com\music\images\but_andreloop_o.gif <-- andre-michelle.com /acid/images but_andreloop_o.gif
2001.10.29 23:00 B D:\~die kiste\launch_am.com\music\images\but_davidloop.gif <-- andre-michelle.com /acid/images but_davidloop.gif
2001.10.29 23:00 B D:\~die kiste\launch_am.com\music\images\but_davidloop_o.gif <-- andre-michelle.com /acid/images but_davidloop_o.gif
2001.10.29 23:00 B D:\~die kiste\launch_am.com\music\images\but_exit.gif <-- andre-michelle.com /acid/images but_exit.gif
2001.10.29 23:00 B D:\~die kiste\launch_am.com\music\images\but_exit_o.gif <-- andre-michelle.com /acid/images but_exit_o.gif
2001.10.29 23:00 B D:\~die kiste\launch_am.com\music\images\but_guide.gif <-- andre-michelle.com /acid/images but_guide.gif
2001.10.29 23:00 B D:\~die kiste\launch_am.com\music\images\but_guide_o.gif <-- andre-michelle.com /acid/images but_guide_o.gif
2001.10.29 23:00 B D:\~die kiste\launch_am.com\music\images\but_shotloop.gif <-- andre-michelle.com /acid/images but_shotloop.gif
2001.10.29 23:00 B D:\~die kiste\launch_am.com\music\images\but_shotloop_o.gif <-- andre-michelle.com /acid/images but_shotloop_o.gif
2001.10.29 23:00 B D:\~die kiste\launch_am.com\music\images\guide.jpg <-- andre-michelle.com /acid/images guide.jpg
2001.10.29 23:00 B D:\~die kiste\launch_am.com\music\images\top.gif <-- andre-michelle.com /acid/images top.gif
2001.10.29 23:03 B D:\~die kiste\launch_am.com\music\images\but_andreloop.gif --> ftp.andre-michelle.com /music/images but_andreloop.gif
2001.10.29 23:03 B D:\~die kiste\launch_am.com\music\images\but_andreloop_o.gif --> ftp.andre-michelle.com /music/images but_andreloop_o.gif
2001.10.29 23:03 B D:\~die kiste\launch_am.com\music\images\but_davidloop.gif --> ftp.andre-michelle.com /music/images but_davidloop.gif
2001.10.29 23:03 B D:\~die kiste\launch_am.com\music\images\but_davidloop_o.gif --> ftp.andre-michelle.com /music/images but_davidloop_o.gif
2001.10.29 23:03 B D:\~die kiste\launch_am.com\music\images\but_exit.gif --> ftp.andre-michelle.com /music/images but_exit.gif
2001.10.29 23:03 B D:\~die kiste\launch_am.com\music\images\but_exit_o.gif --> ftp.andre-michelle.com /music/images but_exit_o.gif
2001.10.29 23:03 B D:\~die kiste\launch_am.com\music\images\but_guide.gif --> ftp.andre-michelle.com /music/images but_guide.gif
2001.10.29 23:03 B D:\~die kiste\launch_am.com\music\images\but_guide_o.gif --> ftp.andre-michelle.com /music/images but_guide_o.gif
2001.10.29 23:03 B D:\~die kiste\launch_am.com\music\images\but_shotloop.gif --> ftp.andre-michelle.com /music/images but_shotloop.gif
2001.10.29 23:03 B D:\~die kiste\launch_am.com\music\images\but_shotloop_o.gif --> ftp.andre-michelle.com /music/images but_shotloop_o.gif
2001.10.29 23:03 B D:\~die kiste\launch_am.com\music\images\guide.jpg --> ftp.andre-michelle.com /music/images guide.jpg
2001.10.29 23:03 B D:\~die kiste\launch_am.com\music\images\top.gif --> ftp.andre-michelle.com /music/images top.gif
